[debug] [2022-05-15T18:20:48.437Z] ----------------------------------------------------------------------
[debug] [2022-05-15T18:20:48.439Z] Command:       C:\Program Files\nodejs\node.exe C:\Users\Aryan\AppData\Roaming\npm\node_modules\firebase-tools\lib\bin\firebase.js functions:shell
[debug] [2022-05-15T18:20:48.439Z] CLI Version:   10.8.0
[debug] [2022-05-15T18:20:48.439Z] Platform:      win32
[debug] [2022-05-15T18:20:48.439Z] Node Version:  v16.14.0
[debug] [2022-05-15T18:20:48.440Z] Time:          Sun May 15 2022 23:50:48 GMT+0530 (India Standard Time)
[debug] [2022-05-15T18:20:48.440Z] ----------------------------------------------------------------------
[debug] 
[debug] [2022-05-15T18:20:48.493Z] > command requires scopes: ["email","openid","https://www.googleapis.com/auth/cloudplatformprojects.readonly","https://www.googleapis.com/auth/firebase","https://www.googleapis.com/auth/cloud-platform"]
[debug] [2022-05-15T18:20:48.493Z] > authorizing via signed-in user (tamangaryan879@gmail.com)
[debug] [2022-05-15T18:20:48.493Z] [iam] checking project ecommerce-page-3747e for permissions ["firebase.projects.get"]
[debug] [2022-05-15T18:20:48.495Z] >>> [apiv2][query] POST https://cloudresourcemanager.googleapis.com/v1/projects/ecommerce-page-3747e:testIamPermissions [none]
[debug] [2022-05-15T18:20:48.495Z] >>> [apiv2][body] POST https://cloudresourcemanager.googleapis.com/v1/projects/ecommerce-page-3747e:testIamPermissions {"permissions":["firebase.projects.get"]}
[debug] [2022-05-15T18:20:50.563Z] <<< [apiv2][status] POST https://cloudresourcemanager.googleapis.com/v1/projects/ecommerce-page-3747e:testIamPermissions 200
[debug] [2022-05-15T18:20:50.563Z] <<< [apiv2][body] POST https://cloudresourcemanager.googleapis.com/v1/projects/ecommerce-page-3747e:testIamPermissions {"permissions":["firebase.projects.get"]}
[debug] [2022-05-15T18:20:50.564Z] >>> HTTP REQUEST GET http://localhost:4400/emulators  
 
[debug] [2022-05-15T18:20:51.098Z] Error: connect ECONNREFUSED 127.0.0.1:4400
    at TCPConnectWrap.afterConnect [as oncomplete] (node:net:1157:16)
[error] 
[error] Error: Server Error. connect ECONNREFUSED 127.0.0.1:4400
